::group::Pre task execution logs
Dependencies all met for dep_context=non-requeueable deps ti=<TaskInstance: prediction_dag.make_predictions manual__2025-10-11T13:48:22.749777+00:00 [queued]>
Dependencies all met for dep_context=requeueable deps ti=<TaskInstance: prediction_dag.make_predictions manual__2025-10-11T13:48:22.749777+00:00 [queued]>
Starting attempt 2 of 1
Executing <Task(PythonOperator): make_predictions> on 2025-10-11 13:48:22.749777+00:00
Started process 4178 to run task
Running: ['airflow', 'tasks', 'run', 'prediction_dag', 'make_predictions', 'manual__2025-10-11T13:48:22.749777+00:00', '--job-id', '9', '--raw', '--subdir', 'DAGS_FOLDER/prediction_dag.py', '--cfg-path', '/var/folders/c3/wt5f_c9959z1k4kws7gcpgj00000gn/T/tmpuu44n5w4']
Job 9: Subtask make_predictions
Running <TaskInstance: prediction_dag.make_predictions manual__2025-10-11T13:48:22.749777+00:00 [running]> on host ganeshs-macbook-air.local
Exporting env vars: AIRFLOW_CTX_DAG_OWNER='airflow' AIRFLOW_CTX_DAG_ID='prediction_dag' AIRFLOW_CTX_TASK_ID='make_predictions' AIRFLOW_CTX_EXECUTION_DATE='2025-10-11T13:48:22.749777+00:00' AIRFLOW_CTX_TRY_NUMBER='2' AIRFLOW_CTX_DAG_RUN_ID='manual__2025-10-11T13:48:22.749777+00:00'
::endgroup::
Making prediction for: /Users/ganeshbahadurthapa/Desktop/DSP-Project/airflow_project/good-data/chunk_770.csv
Error making prediction for /Users/ganeshbahadurthapa/Desktop/DSP-Project/airflow_project/good-data/chunk_770.csv: [Errno 2] No such file or directory: '/Users/ganeshbahadurthapa/Desktop/DSP-Project/airflow_project/good-data/chunk_770.csv'
Making prediction for: /Users/ganeshbahadurthapa/Desktop/DSP-Project/airflow_project/good-data/chunk_881.csv
Error making prediction for /Users/ganeshbahadurthapa/Desktop/DSP-Project/airflow_project/good-data/chunk_881.csv: [Errno 2] No such file or directory: '/Users/ganeshbahadurthapa/Desktop/DSP-Project/airflow_project/good-data/chunk_881.csv'
Making prediction for: /Users/ganeshbahadurthapa/Desktop/DSP-Project/airflow_project/good-data/chunk_29.csv
Error making prediction for /Users/ganeshbahadurthapa/Desktop/DSP-Project/airflow_project/good-data/chunk_29.csv: [Errno 2] No such file or directory: '/Users/ganeshbahadurthapa/Desktop/DSP-Project/airflow_project/good-data/chunk_29.csv'
Making prediction for: /Users/ganeshbahadurthapa/Desktop/DSP-Project/airflow_project/good-data/chunk_476.csv
Error making prediction for /Users/ganeshbahadurthapa/Desktop/DSP-Project/airflow_project/good-data/chunk_476.csv: [Errno 2] No such file or directory: '/Users/ganeshbahadurthapa/Desktop/DSP-Project/airflow_project/good-data/chunk_476.csv'
Making prediction for: /Users/ganeshbahadurthapa/Desktop/DSP-Project/airflow_project/good-data/chunk_113.csv
Error making prediction for /Users/ganeshbahadurthapa/Desktop/DSP-Project/airflow_project/good-data/chunk_113.csv: [Errno 2] No such file or directory: '/Users/ganeshbahadurthapa/Desktop/DSP-Project/airflow_project/good-data/chunk_113.csv'
Making prediction for: /Users/ganeshbahadurthapa/Desktop/DSP-Project/airflow_project/good-data/chunk_446.csv
Error making prediction for /Users/ganeshbahadurthapa/Desktop/DSP-Project/airflow_project/good-data/chunk_446.csv: [Errno 2] No such file or directory: '/Users/ganeshbahadurthapa/Desktop/DSP-Project/airflow_project/good-data/chunk_446.csv'
Making prediction for: /Users/ganeshbahadurthapa/Desktop/DSP-Project/airflow_project/good-data/chunk_187.csv
Error making prediction for /Users/ganeshbahadurthapa/Desktop/DSP-Project/airflow_project/good-data/chunk_187.csv: [Errno 2] No such file or directory: '/Users/ganeshbahadurthapa/Desktop/DSP-Project/airflow_project/good-data/chunk_187.csv'
Making prediction for: /Users/ganeshbahadurthapa/Desktop/DSP-Project/airflow_project/good-data/chunk_184.csv
Error making prediction for /Users/ganeshbahadurthapa/Desktop/DSP-Project/airflow_project/good-data/chunk_184.csv: [Errno 2] No such file or directory: '/Users/ganeshbahadurthapa/Desktop/DSP-Project/airflow_project/good-data/chunk_184.csv'
Making prediction for: /Users/ganeshbahadurthapa/Desktop/DSP-Project/airflow_project/good-data/chunk_4.csv
Error making prediction for /Users/ganeshbahadurthapa/Desktop/DSP-Project/airflow_project/good-data/chunk_4.csv: [Errno 2] No such file or directory: '/Users/ganeshbahadurthapa/Desktop/DSP-Project/airflow_project/good-data/chunk_4.csv'
Making prediction for: /Users/ganeshbahadurthapa/Desktop/DSP-Project/airflow_project/good-data/chunk_350.csv
Error making prediction for /Users/ganeshbahadurthapa/Desktop/DSP-Project/airflow_project/good-data/chunk_350.csv: [Errno 2] No such file or directory: '/Users/ganeshbahadurthapa/Desktop/DSP-Project/airflow_project/good-data/chunk_350.csv'
Done. Returned value was: None
::group::Post task execution logs
Marking task as SUCCESS. dag_id=prediction_dag, task_id=make_predictions, execution_date=20251011T134822, start_date=20251011T135034, end_date=20251011T135034
Task exited with return code 0
0 downstream tasks scheduled from follow-on schedule check
::endgroup::
