::group::Pre task execution logs
Dependencies all met for dep_context=non-requeueable deps ti=<TaskInstance: prediction_dag.check_for_new_data scheduled__2025-10-10T23:00:00+00:00 [queued]>
Dependencies all met for dep_context=requeueable deps ti=<TaskInstance: prediction_dag.check_for_new_data scheduled__2025-10-10T23:00:00+00:00 [queued]>
Starting attempt 1 of 1
Executing <Task(ShortCircuitOperator): check_for_new_data> on 2025-10-10 23:00:00+00:00
Started process 35476 to run task
Running: ['airflow', 'tasks', 'run', 'prediction_dag', 'check_for_new_data', 'scheduled__2025-10-10T23:00:00+00:00', '--job-id', '9', '--raw', '--subdir', 'DAGS_FOLDER/prediction_dag.py', '--cfg-path', '/var/folders/c3/wt5f_c9959z1k4kws7gcpgj00000gn/T/tmpvoiosxdb']
Job 9: Subtask check_for_new_data
Running <TaskInstance: prediction_dag.check_for_new_data scheduled__2025-10-10T23:00:00+00:00 [running]> on host ganeshs-macbook-air.local
Exporting env vars: AIRFLOW_CTX_DAG_OWNER='airflow' AIRFLOW_CTX_DAG_ID='prediction_dag' AIRFLOW_CTX_TASK_ID='check_for_new_data' AIRFLOW_CTX_EXECUTION_DATE='2025-10-10T23:00:00+00:00' AIRFLOW_CTX_TRY_NUMBER='1' AIRFLOW_CTX_DAG_RUN_ID='scheduled__2025-10-10T23:00:00+00:00'
::endgroup::
ShortCircuitOperator.execute cannot be called outside TaskInstance!
::group::Post task execution logs
Task failed with exception
Traceback (most recent call last):
  File "/Users/ganeshbahadurthapa/Desktop/DSP-Project/airflow_project/venv/lib/python3.10/site-packages/airflow/models/taskinstance.py", line 465, in _execute_task
    result = _execute_callable(context=context, **execute_callable_kwargs)
  File "/Users/ganeshbahadurthapa/Desktop/DSP-Project/airflow_project/venv/lib/python3.10/site-packages/airflow/models/taskinstance.py", line 432, in _execute_callable
    return execute_callable(context=context, **execute_callable_kwargs)
  File "/Users/ganeshbahadurthapa/Desktop/DSP-Project/airflow_project/venv/lib/python3.10/site-packages/airflow/models/baseoperator.py", line 400, in wrapper
    return func(self, *args, **kwargs)
  File "/Users/ganeshbahadurthapa/Desktop/DSP-Project/airflow_project/venv/lib/python3.10/site-packages/airflow/operators/python.py", line 303, in execute
    condition = super().execute(context)
  File "/Users/ganeshbahadurthapa/Desktop/DSP-Project/airflow_project/venv/lib/python3.10/site-packages/airflow/models/baseoperator.py", line 400, in wrapper
    return func(self, *args, **kwargs)
  File "/Users/ganeshbahadurthapa/Desktop/DSP-Project/airflow_project/venv/lib/python3.10/site-packages/airflow/operators/python.py", line 235, in execute
    return_value = self.execute_callable()
  File "/Users/ganeshbahadurthapa/Desktop/DSP-Project/airflow_project/venv/lib/python3.10/site-packages/airflow/operators/python.py", line 252, in execute_callable
    return self.python_callable(*self.op_args, **self.op_kwargs)
  File "/Users/ganeshbahadurthapa/Desktop/DSP-Project/airflow_project/airflow_home/dags/prediction_dag.py", line 13, in check_for_new_data
    files = os.listdir(GOOD_FOLDER)
NotADirectoryError: [Errno 20] Not a directory: 'good-data'
Marking task as FAILED. dag_id=prediction_dag, task_id=check_for_new_data, execution_date=20251010T230000, start_date=20251010T232856, end_date=20251010T232857
Failed to execute job 9 for task check_for_new_data ([Errno 20] Not a directory: 'good-data'; 35476)
Task exited with return code 1
0 downstream tasks scheduled from follow-on schedule check
::endgroup::
::group::Pre task execution logs
Dependencies all met for dep_context=non-requeueable deps ti=<TaskInstance: prediction_dag.check_for_new_data scheduled__2025-10-10T23:00:00+00:00 [queued]>
Dependencies all met for dep_context=requeueable deps ti=<TaskInstance: prediction_dag.check_for_new_data scheduled__2025-10-10T23:00:00+00:00 [queued]>
Starting attempt 1 of 1
Executing <Task(ShortCircuitOperator): check_for_new_data> on 2025-10-10 23:00:00+00:00
Started process 37903 to run task
Running: ['airflow', 'tasks', 'run', 'prediction_dag', 'check_for_new_data', 'scheduled__2025-10-10T23:00:00+00:00', '--job-id', '4', '--raw', '--subdir', 'DAGS_FOLDER/prediction_dag.py', '--cfg-path', '/var/folders/c3/wt5f_c9959z1k4kws7gcpgj00000gn/T/tmp8cozbnz0']
Job 4: Subtask check_for_new_data
Running <TaskInstance: prediction_dag.check_for_new_data scheduled__2025-10-10T23:00:00+00:00 [running]> on host ganeshs-macbook-air.local
Exporting env vars: AIRFLOW_CTX_DAG_OWNER='airflow' AIRFLOW_CTX_DAG_ID='prediction_dag' AIRFLOW_CTX_TASK_ID='check_for_new_data' AIRFLOW_CTX_EXECUTION_DATE='2025-10-10T23:00:00+00:00' AIRFLOW_CTX_TRY_NUMBER='1' AIRFLOW_CTX_DAG_RUN_ID='scheduled__2025-10-10T23:00:00+00:00'
::endgroup::
ShortCircuitOperator.execute cannot be called outside TaskInstance!
::group::Post task execution logs
Task failed with exception
Traceback (most recent call last):
  File "/Users/ganeshbahadurthapa/Desktop/DSP-Project/airflow_project/venv/lib/python3.10/site-packages/airflow/models/taskinstance.py", line 465, in _execute_task
    result = _execute_callable(context=context, **execute_callable_kwargs)
  File "/Users/ganeshbahadurthapa/Desktop/DSP-Project/airflow_project/venv/lib/python3.10/site-packages/airflow/models/taskinstance.py", line 432, in _execute_callable
    return execute_callable(context=context, **execute_callable_kwargs)
  File "/Users/ganeshbahadurthapa/Desktop/DSP-Project/airflow_project/venv/lib/python3.10/site-packages/airflow/models/baseoperator.py", line 400, in wrapper
    return func(self, *args, **kwargs)
  File "/Users/ganeshbahadurthapa/Desktop/DSP-Project/airflow_project/venv/lib/python3.10/site-packages/airflow/operators/python.py", line 303, in execute
    condition = super().execute(context)
  File "/Users/ganeshbahadurthapa/Desktop/DSP-Project/airflow_project/venv/lib/python3.10/site-packages/airflow/models/baseoperator.py", line 400, in wrapper
    return func(self, *args, **kwargs)
  File "/Users/ganeshbahadurthapa/Desktop/DSP-Project/airflow_project/venv/lib/python3.10/site-packages/airflow/operators/python.py", line 235, in execute
    return_value = self.execute_callable()
  File "/Users/ganeshbahadurthapa/Desktop/DSP-Project/airflow_project/venv/lib/python3.10/site-packages/airflow/operators/python.py", line 252, in execute_callable
    return self.python_callable(*self.op_args, **self.op_kwargs)
  File "/Users/ganeshbahadurthapa/Desktop/DSP-Project/airflow_project/airflow_home/dags/prediction_dag.py", line 13, in check_for_new_data
    files = os.listdir(GOOD_FOLDER)
NotADirectoryError: [Errno 20] Not a directory: 'good-data'
Marking task as FAILED. dag_id=prediction_dag, task_id=check_for_new_data, execution_date=20251010T230000, start_date=20251010T234034, end_date=20251010T234034
Failed to execute job 4 for task check_for_new_data ([Errno 20] Not a directory: 'good-data'; 37903)
Task exited with return code 1
0 downstream tasks scheduled from follow-on schedule check
::endgroup::
