Started process (PID=31498) to work on /Users/ganeshbahadurthapa/Desktop/DSP-Project/airflow_project/venv/lib/python3.10/site-packages/airflow/example_dags/tutorial_taskflow_api.py
Processing file /Users/ganeshbahadurthapa/Desktop/DSP-Project/airflow_project/venv/lib/python3.10/site-packages/airflow/example_dags/tutorial_taskflow_api.py for tasks to queue
Filling up the DagBag from /Users/ganeshbahadurthapa/Desktop/DSP-Project/airflow_project/venv/lib/python3.10/site-packages/airflow/example_dags/tutorial_taskflow_api.py
DAG(s) 'tutorial_taskflow_api' retrieved from /Users/ganeshbahadurthapa/Desktop/DSP-Project/airflow_project/venv/lib/python3.10/site-packages/airflow/example_dags/tutorial_taskflow_api.py
Sync 1 DAGs
Setting next_dagrun for tutorial_taskflow_api to None, run_after=None
Processing /Users/ganeshbahadurthapa/Desktop/DSP-Project/airflow_project/venv/lib/python3.10/site-packages/airflow/example_dags/tutorial_taskflow_api.py took 0.114 seconds
Started process (PID=33352) to work on /Users/ganeshbahadurthapa/Desktop/DSP-Project/airflow_project/venv/lib/python3.10/site-packages/airflow/example_dags/tutorial_taskflow_api.py
Processing file /Users/ganeshbahadurthapa/Desktop/DSP-Project/airflow_project/venv/lib/python3.10/site-packages/airflow/example_dags/tutorial_taskflow_api.py for tasks to queue
Filling up the DagBag from /Users/ganeshbahadurthapa/Desktop/DSP-Project/airflow_project/venv/lib/python3.10/site-packages/airflow/example_dags/tutorial_taskflow_api.py
DAG(s) 'tutorial_taskflow_api' retrieved from /Users/ganeshbahadurthapa/Desktop/DSP-Project/airflow_project/venv/lib/python3.10/site-packages/airflow/example_dags/tutorial_taskflow_api.py
Sync 1 DAGs
Setting next_dagrun for tutorial_taskflow_api to None, run_after=None
Processing /Users/ganeshbahadurthapa/Desktop/DSP-Project/airflow_project/venv/lib/python3.10/site-packages/airflow/example_dags/tutorial_taskflow_api.py took 0.150 seconds
Started process (PID=34213) to work on /Users/ganeshbahadurthapa/Desktop/DSP-Project/airflow_project/venv/lib/python3.10/site-packages/airflow/example_dags/tutorial_taskflow_api.py
Processing file /Users/ganeshbahadurthapa/Desktop/DSP-Project/airflow_project/venv/lib/python3.10/site-packages/airflow/example_dags/tutorial_taskflow_api.py for tasks to queue
Filling up the DagBag from /Users/ganeshbahadurthapa/Desktop/DSP-Project/airflow_project/venv/lib/python3.10/site-packages/airflow/example_dags/tutorial_taskflow_api.py
DAG(s) 'tutorial_taskflow_api' retrieved from /Users/ganeshbahadurthapa/Desktop/DSP-Project/airflow_project/venv/lib/python3.10/site-packages/airflow/example_dags/tutorial_taskflow_api.py
Sync 1 DAGs
Setting next_dagrun for tutorial_taskflow_api to None, run_after=None
Processing /Users/ganeshbahadurthapa/Desktop/DSP-Project/airflow_project/venv/lib/python3.10/site-packages/airflow/example_dags/tutorial_taskflow_api.py took 0.112 seconds
