::group::Pre task execution logs
Dependencies all met for dep_context=non-requeueable deps ti=<TaskInstance: prediction_dag.check_for_new_data manual__2025-10-11T00:34:00.365212+00:00 [queued]>
Dependencies all met for dep_context=requeueable deps ti=<TaskInstance: prediction_dag.check_for_new_data manual__2025-10-11T00:34:00.365212+00:00 [queued]>
Starting attempt 1 of 1
Executing <Task(ShortCircuitOperator): check_for_new_data> on 2025-10-11 00:34:00.365212+00:00
Started process 46994 to run task
Running: ['airflow', 'tasks', 'run', 'prediction_dag', 'check_for_new_data', 'manual__2025-10-11T00:34:00.365212+00:00', '--job-id', '29', '--raw', '--subdir', 'DAGS_FOLDER/prediction_dag.py', '--cfg-path', '/var/folders/c3/wt5f_c9959z1k4kws7gcpgj00000gn/T/tmplw3vy6ri']
Job 29: Subtask check_for_new_data
Running <TaskInstance: prediction_dag.check_for_new_data manual__2025-10-11T00:34:00.365212+00:00 [running]> on host ganeshs-macbook-air.local
Exporting env vars: AIRFLOW_CTX_DAG_OWNER='airflow' AIRFLOW_CTX_DAG_ID='prediction_dag' AIRFLOW_CTX_TASK_ID='check_for_new_data' AIRFLOW_CTX_EXECUTION_DATE='2025-10-11T00:34:00.365212+00:00' AIRFLOW_CTX_TRY_NUMBER='1' AIRFLOW_CTX_DAG_RUN_ID='manual__2025-10-11T00:34:00.365212+00:00'
::endgroup::
ShortCircuitOperator.execute cannot be called outside TaskInstance!
Found 15 new file(s): ['/Users/ganeshbahadurthapa/Desktop/DSP-Project/airflow_project/good-data/chunk_229.csv', '/Users/ganeshbahadurthapa/Desktop/DSP-Project/airflow_project/good-data/chunk_171.csv', '/Users/ganeshbahadurthapa/Desktop/DSP-Project/airflow_project/good-data/chunk_289.csv', '/Users/ganeshbahadurthapa/Desktop/DSP-Project/airflow_project/good-data/chunk_248.csv', '/Users/ganeshbahadurthapa/Desktop/DSP-Project/airflow_project/good-data/chunk_499.csv', '/Users/ganeshbahadurthapa/Desktop/DSP-Project/airflow_project/good-data/chunk_311.csv', '/Users/ganeshbahadurthapa/Desktop/DSP-Project/airflow_project/good-data/chunk_38.csv', '/Users/ganeshbahadurthapa/Desktop/DSP-Project/airflow_project/good-data/chunk_138.csv', '/Users/ganeshbahadurthapa/Desktop/DSP-Project/airflow_project/good-data/chunk_241.csv', '/Users/ganeshbahadurthapa/Desktop/DSP-Project/airflow_project/good-data/chunk_290.csv', '/Users/ganeshbahadurthapa/Desktop/DSP-Project/airflow_project/good-data/chunk_591.csv', '/Users/ganeshbahadurthapa/Desktop/DSP-Project/airflow_project/good-data/chunk_54.csv', '/Users/ganeshbahadurthapa/Desktop/DSP-Project/airflow_project/good-data/chunk_959.csv', '/Users/ganeshbahadurthapa/Desktop/DSP-Project/airflow_project/good-data/chunk_44.csv', '/Users/ganeshbahadurthapa/Desktop/DSP-Project/airflow_project/good-data/chunk_191.csv']
Done. Returned value was: True
Condition result is True
Proceeding with downstream tasks...
::group::Post task execution logs
Marking task as SUCCESS. dag_id=prediction_dag, task_id=check_for_new_data, execution_date=20251011T003400, start_date=20251011T003939, end_date=20251011T003939
Task exited with return code 0
1 downstream tasks scheduled from follow-on schedule check
::endgroup::
